Start testing: Oct 05 22:56 MDT
----------------------------------------------------------
1/15 Testing: ModTest.NonNegativeValues
1/15 Test: ModTest.NonNegativeValues
Command: "/home/khaled/Documents/gameoflife/build/gol_test" "--gtest_filter=ModTest.NonNegativeValues" "--gtest_also_run_disabled_tests"
Directory: /home/khaled/Documents/gameoflife/build
"ModTest.NonNegativeValues" start time: Oct 05 22:56 MDT
Output:
----------------------------------------------------------
Running main() from /home/khaled/Documents/gameoflife/build/_deps/googletest-src/googletest/src/gtest_main.cc
Note: Google Test filter = ModTest.NonNegativeValues
[==========] Running 1 test from 1 test suite.
[----------] Global test environment set-up.
[----------] 1 test from ModTest
[ RUN      ] ModTest.NonNegativeValues
[       OK ] ModTest.NonNegativeValues (0 ms)
[----------] 1 test from ModTest (0 ms total)

[----------] Global test environment tear-down
[==========] 1 test from 1 test suite ran. (0 ms total)
[  PASSED  ] 1 test.
<end of output>
Test time =   0.01 sec
----------------------------------------------------------
Test Passed.
"ModTest.NonNegativeValues" end time: Oct 05 22:56 MDT
"ModTest.NonNegativeValues" time elapsed: 00:00:00
----------------------------------------------------------

2/15 Testing: ModTest.NegativeValues
2/15 Test: ModTest.NegativeValues
Command: "/home/khaled/Documents/gameoflife/build/gol_test" "--gtest_filter=ModTest.NegativeValues" "--gtest_also_run_disabled_tests"
Directory: /home/khaled/Documents/gameoflife/build
"ModTest.NegativeValues" start time: Oct 05 22:56 MDT
Output:
----------------------------------------------------------
Running main() from /home/khaled/Documents/gameoflife/build/_deps/googletest-src/googletest/src/gtest_main.cc
Note: Google Test filter = ModTest.NegativeValues
[==========] Running 1 test from 1 test suite.
[----------] Global test environment set-up.
[----------] 1 test from ModTest
[ RUN      ] ModTest.NegativeValues
[       OK ] ModTest.NegativeValues (0 ms)
[----------] 1 test from ModTest (0 ms total)

[----------] Global test environment tear-down
[==========] 1 test from 1 test suite ran. (0 ms total)
[  PASSED  ] 1 test.
<end of output>
Test time =   0.01 sec
----------------------------------------------------------
Test Passed.
"ModTest.NegativeValues" end time: Oct 05 22:56 MDT
"ModTest.NegativeValues" time elapsed: 00:00:00
----------------------------------------------------------

3/15 Testing: RoundTest.ZeroValues
3/15 Test: RoundTest.ZeroValues
Command: "/home/khaled/Documents/gameoflife/build/gol_test" "--gtest_filter=RoundTest.ZeroValues" "--gtest_also_run_disabled_tests"
Directory: /home/khaled/Documents/gameoflife/build
"RoundTest.ZeroValues" start time: Oct 05 22:56 MDT
Output:
----------------------------------------------------------
Running main() from /home/khaled/Documents/gameoflife/build/_deps/googletest-src/googletest/src/gtest_main.cc
Note: Google Test filter = RoundTest.ZeroValues
[==========] Running 1 test from 1 test suite.
[----------] Global test environment set-up.
[----------] 1 test from RoundTest
[ RUN      ] RoundTest.ZeroValues
[       OK ] RoundTest.ZeroValues (0 ms)
[----------] 1 test from RoundTest (0 ms total)

[----------] Global test environment tear-down
[==========] 1 test from 1 test suite ran. (0 ms total)
[  PASSED  ] 1 test.
<end of output>
Test time =   0.00 sec
----------------------------------------------------------
Test Passed.
"RoundTest.ZeroValues" end time: Oct 05 22:56 MDT
"RoundTest.ZeroValues" time elapsed: 00:00:00
----------------------------------------------------------

4/15 Testing: RoundTest.NonZeroValues
4/15 Test: RoundTest.NonZeroValues
Command: "/home/khaled/Documents/gameoflife/build/gol_test" "--gtest_filter=RoundTest.NonZeroValues" "--gtest_also_run_disabled_tests"
Directory: /home/khaled/Documents/gameoflife/build
"RoundTest.NonZeroValues" start time: Oct 05 22:56 MDT
Output:
----------------------------------------------------------
Running main() from /home/khaled/Documents/gameoflife/build/_deps/googletest-src/googletest/src/gtest_main.cc
Note: Google Test filter = RoundTest.NonZeroValues
[==========] Running 1 test from 1 test suite.
[----------] Global test environment set-up.
[----------] 1 test from RoundTest
[ RUN      ] RoundTest.NonZeroValues
[       OK ] RoundTest.NonZeroValues (0 ms)
[----------] 1 test from RoundTest (0 ms total)

[----------] Global test environment tear-down
[==========] 1 test from 1 test suite ran. (0 ms total)
[  PASSED  ] 1 test.
<end of output>
Test time =   0.00 sec
----------------------------------------------------------
Test Passed.
"RoundTest.NonZeroValues" end time: Oct 05 22:56 MDT
"RoundTest.NonZeroValues" time elapsed: 00:00:00
----------------------------------------------------------

5/15 Testing: GOLConstructorTest.NonPosVals
5/15 Test: GOLConstructorTest.NonPosVals
Command: "/home/khaled/Documents/gameoflife/build/gol_test" "--gtest_filter=GOLConstructorTest.NonPosVals" "--gtest_also_run_disabled_tests"
Directory: /home/khaled/Documents/gameoflife/build
"GOLConstructorTest.NonPosVals" start time: Oct 05 22:56 MDT
Output:
----------------------------------------------------------
Running main() from /home/khaled/Documents/gameoflife/build/_deps/googletest-src/googletest/src/gtest_main.cc
Note: Google Test filter = GOLConstructorTest.NonPosVals
[==========] Running 1 test from 1 test suite.
[----------] Global test environment set-up.
[----------] 1 test from GOLConstructorTest
[ RUN      ] GOLConstructorTest.NonPosVals
[       OK ] GOLConstructorTest.NonPosVals (0 ms)
[----------] 1 test from GOLConstructorTest (0 ms total)

[----------] Global test environment tear-down
[==========] 1 test from 1 test suite ran. (0 ms total)
[  PASSED  ] 1 test.
<end of output>
Test time =   0.01 sec
----------------------------------------------------------
Test Passed.
"GOLConstructorTest.NonPosVals" end time: Oct 05 22:56 MDT
"GOLConstructorTest.NonPosVals" time elapsed: 00:00:00
----------------------------------------------------------

6/15 Testing: GOLConstructorTest.ValidConstructor
6/15 Test: GOLConstructorTest.ValidConstructor
Command: "/home/khaled/Documents/gameoflife/build/gol_test" "--gtest_filter=GOLConstructorTest.ValidConstructor" "--gtest_also_run_disabled_tests"
Directory: /home/khaled/Documents/gameoflife/build
"GOLConstructorTest.ValidConstructor" start time: Oct 05 22:56 MDT
Output:
----------------------------------------------------------
Running main() from /home/khaled/Documents/gameoflife/build/_deps/googletest-src/googletest/src/gtest_main.cc
Note: Google Test filter = GOLConstructorTest.ValidConstructor
[==========] Running 1 test from 1 test suite.
[----------] Global test environment set-up.
[----------] 1 test from GOLConstructorTest
[ RUN      ] GOLConstructorTest.ValidConstructor
warning: queue 0xd31310 destroyed while proxies still attached:
  wl_callback@43 still attached
  wl_surface@41 still attached
[       OK ] GOLConstructorTest.ValidConstructor (156 ms)
[----------] 1 test from GOLConstructorTest (156 ms total)

[----------] Global test environment tear-down
[==========] 1 test from 1 test suite ran. (156 ms total)
[  PASSED  ] 1 test.
<end of output>
Test time =   0.17 sec
----------------------------------------------------------
Test Passed.
"GOLConstructorTest.ValidConstructor" end time: Oct 05 22:56 MDT
"GOLConstructorTest.ValidConstructor" time elapsed: 00:00:00
----------------------------------------------------------

7/15 Testing: SpeedTest.IncreaseSpeed
7/15 Test: SpeedTest.IncreaseSpeed
Command: "/home/khaled/Documents/gameoflife/build/gol_test" "--gtest_filter=SpeedTest.IncreaseSpeed" "--gtest_also_run_disabled_tests"
Directory: /home/khaled/Documents/gameoflife/build
"SpeedTest.IncreaseSpeed" start time: Oct 05 22:56 MDT
Output:
----------------------------------------------------------
Running main() from /home/khaled/Documents/gameoflife/build/_deps/googletest-src/googletest/src/gtest_main.cc
Note: Google Test filter = SpeedTest.IncreaseSpeed
[==========] Running 1 test from 1 test suite.
[----------] Global test environment set-up.
[----------] 1 test from SpeedTest
[ RUN      ] SpeedTest.IncreaseSpeed
warning: queue 0x1d49d00 destroyed while proxies still attached:
  wl_callback@43 still attached
  wl_surface@41 still attached
[       OK ] SpeedTest.IncreaseSpeed (118 ms)
[----------] 1 test from SpeedTest (118 ms total)

[----------] Global test environment tear-down
[==========] 1 test from 1 test suite ran. (118 ms total)
[  PASSED  ] 1 test.
<end of output>
Test time =   0.13 sec
----------------------------------------------------------
Test Passed.
"SpeedTest.IncreaseSpeed" end time: Oct 05 22:56 MDT
"SpeedTest.IncreaseSpeed" time elapsed: 00:00:00
----------------------------------------------------------

8/15 Testing: SpeedTest.DecreaseSpeed
8/15 Test: SpeedTest.DecreaseSpeed
Command: "/home/khaled/Documents/gameoflife/build/gol_test" "--gtest_filter=SpeedTest.DecreaseSpeed" "--gtest_also_run_disabled_tests"
Directory: /home/khaled/Documents/gameoflife/build
"SpeedTest.DecreaseSpeed" start time: Oct 05 22:56 MDT
Output:
----------------------------------------------------------
Running main() from /home/khaled/Documents/gameoflife/build/_deps/googletest-src/googletest/src/gtest_main.cc
Note: Google Test filter = SpeedTest.DecreaseSpeed
[==========] Running 1 test from 1 test suite.
[----------] Global test environment set-up.
[----------] 1 test from SpeedTest
[ RUN      ] SpeedTest.DecreaseSpeed
warning: queue 0xbff770 destroyed while proxies still attached:
  wl_callback@43 still attached
  wl_surface@41 still attached
[       OK ] SpeedTest.DecreaseSpeed (137 ms)
[----------] 1 test from SpeedTest (137 ms total)

[----------] Global test environment tear-down
[==========] 1 test from 1 test suite ran. (137 ms total)
[  PASSED  ] 1 test.
<end of output>
Test time =   0.14 sec
----------------------------------------------------------
Test Passed.
"SpeedTest.DecreaseSpeed" end time: Oct 05 22:56 MDT
"SpeedTest.DecreaseSpeed" time elapsed: 00:00:00
----------------------------------------------------------

9/15 Testing: SetViewTest.InvalidSettings
9/15 Test: SetViewTest.InvalidSettings
Command: "/home/khaled/Documents/gameoflife/build/gol_test" "--gtest_filter=SetViewTest.InvalidSettings" "--gtest_also_run_disabled_tests"
Directory: /home/khaled/Documents/gameoflife/build
"SetViewTest.InvalidSettings" start time: Oct 05 22:56 MDT
Output:
----------------------------------------------------------
Running main() from /home/khaled/Documents/gameoflife/build/_deps/googletest-src/googletest/src/gtest_main.cc
Note: Google Test filter = SetViewTest.InvalidSettings
[==========] Running 1 test from 1 test suite.
[----------] Global test environment set-up.
[----------] 1 test from SetViewTest
[ RUN      ] SetViewTest.InvalidSettings
warning: queue 0x20d2080 destroyed while proxies still attached:
  wl_callback@43 still attached
  wl_surface@41 still attached
[       OK ] SetViewTest.InvalidSettings (111 ms)
[----------] 1 test from SetViewTest (111 ms total)

[----------] Global test environment tear-down
[==========] 1 test from 1 test suite ran. (111 ms total)
[  PASSED  ] 1 test.
<end of output>
Test time =   0.12 sec
----------------------------------------------------------
Test Passed.
"SetViewTest.InvalidSettings" end time: Oct 05 22:56 MDT
"SetViewTest.InvalidSettings" time elapsed: 00:00:00
----------------------------------------------------------

10/15 Testing: SetViewTest.ValidSettings
10/15 Test: SetViewTest.ValidSettings
Command: "/home/khaled/Documents/gameoflife/build/gol_test" "--gtest_filter=SetViewTest.ValidSettings" "--gtest_also_run_disabled_tests"
Directory: /home/khaled/Documents/gameoflife/build
"SetViewTest.ValidSettings" start time: Oct 05 22:56 MDT
Output:
----------------------------------------------------------
Running main() from /home/khaled/Documents/gameoflife/build/_deps/googletest-src/googletest/src/gtest_main.cc
Note: Google Test filter = SetViewTest.ValidSettings
[==========] Running 1 test from 1 test suite.
[----------] Global test environment set-up.
[----------] 1 test from SetViewTest
[ RUN      ] SetViewTest.ValidSettings
warning: queue 0x92c140 destroyed while proxies still attached:
  wl_callback@43 still attached
  wl_surface@41 still attached
[       OK ] SetViewTest.ValidSettings (122 ms)
[----------] 1 test from SetViewTest (122 ms total)

[----------] Global test environment tear-down
[==========] 1 test from 1 test suite ran. (123 ms total)
[  PASSED  ] 1 test.
<end of output>
Test time =   0.14 sec
----------------------------------------------------------
Test Passed.
"SetViewTest.ValidSettings" end time: Oct 05 22:56 MDT
"SetViewTest.ValidSettings" time elapsed: 00:00:00
----------------------------------------------------------

11/15 Testing: SetWinTest.InvalidSettings
11/15 Test: SetWinTest.InvalidSettings
Command: "/home/khaled/Documents/gameoflife/build/gol_test" "--gtest_filter=SetWinTest.InvalidSettings" "--gtest_also_run_disabled_tests"
Directory: /home/khaled/Documents/gameoflife/build
"SetWinTest.InvalidSettings" start time: Oct 05 22:56 MDT
Output:
----------------------------------------------------------
Running main() from /home/khaled/Documents/gameoflife/build/_deps/googletest-src/googletest/src/gtest_main.cc
Note: Google Test filter = SetWinTest.InvalidSettings
[==========] Running 1 test from 1 test suite.
[----------] Global test environment set-up.
[----------] 1 test from SetWinTest
[ RUN      ] SetWinTest.InvalidSettings
warning: queue 0x24dcce0 destroyed while proxies still attached:
  wl_callback@43 still attached
  wl_surface@41 still attached
[       OK ] SetWinTest.InvalidSettings (131 ms)
[----------] 1 test from SetWinTest (131 ms total)

[----------] Global test environment tear-down
[==========] 1 test from 1 test suite ran. (132 ms total)
[  PASSED  ] 1 test.
<end of output>
Test time =   0.14 sec
----------------------------------------------------------
Test Passed.
"SetWinTest.InvalidSettings" end time: Oct 05 22:56 MDT
"SetWinTest.InvalidSettings" time elapsed: 00:00:00
----------------------------------------------------------

12/15 Testing: SetWinTest.ValidSettings
12/15 Test: SetWinTest.ValidSettings
Command: "/home/khaled/Documents/gameoflife/build/gol_test" "--gtest_filter=SetWinTest.ValidSettings" "--gtest_also_run_disabled_tests"
Directory: /home/khaled/Documents/gameoflife/build
"SetWinTest.ValidSettings" start time: Oct 05 22:56 MDT
Output:
----------------------------------------------------------
Running main() from /home/khaled/Documents/gameoflife/build/_deps/googletest-src/googletest/src/gtest_main.cc
Note: Google Test filter = SetWinTest.ValidSettings
[==========] Running 1 test from 1 test suite.
[----------] Global test environment set-up.
[----------] 1 test from SetWinTest
[ RUN      ] SetWinTest.ValidSettings
warning: queue 0x1f1aa70 destroyed while proxies still attached:
  wl_callback@43 still attached
  wl_surface@41 still attached
[       OK ] SetWinTest.ValidSettings (106 ms)
[----------] 1 test from SetWinTest (106 ms total)

[----------] Global test environment tear-down
[==========] 1 test from 1 test suite ran. (106 ms total)
[  PASSED  ] 1 test.
<end of output>
Test time =   0.12 sec
----------------------------------------------------------
Test Passed.
"SetWinTest.ValidSettings" end time: Oct 05 22:56 MDT
"SetWinTest.ValidSettings" time elapsed: 00:00:00
----------------------------------------------------------

13/15 Testing: NextFrameTest.LineOscillator
13/15 Test: NextFrameTest.LineOscillator
Command: "/home/khaled/Documents/gameoflife/build/gol_test" "--gtest_filter=NextFrameTest.LineOscillator" "--gtest_also_run_disabled_tests"
Directory: /home/khaled/Documents/gameoflife/build
"NextFrameTest.LineOscillator" start time: Oct 05 22:56 MDT
Output:
----------------------------------------------------------
Running main() from /home/khaled/Documents/gameoflife/build/_deps/googletest-src/googletest/src/gtest_main.cc
Note: Google Test filter = NextFrameTest.LineOscillator
[==========] Running 1 test from 1 test suite.
[----------] Global test environment set-up.
[----------] 1 test from NextFrameTest
[ RUN      ] NextFrameTest.LineOscillator
warning: queue 0x1fa5300 destroyed while proxies still attached:
  wl_callback@43 still attached
  wl_surface@41 still attached
0000111000000000[       OK ] NextFrameTest.LineOscillator (144 ms)
[----------] 1 test from NextFrameTest (144 ms total)

[----------] Global test environment tear-down
[==========] 1 test from 1 test suite ran. (144 ms total)
[  PASSED  ] 1 test.
<end of output>
Test time =   0.15 sec
----------------------------------------------------------
Test Passed.
"NextFrameTest.LineOscillator" end time: Oct 05 22:56 MDT
"NextFrameTest.LineOscillator" time elapsed: 00:00:00
----------------------------------------------------------

14/15 Testing: DisplayConstructorTest.InvalidParams
14/15 Test: DisplayConstructorTest.InvalidParams
Command: "/home/khaled/Documents/gameoflife/build/gol_test" "--gtest_filter=DisplayConstructorTest.InvalidParams" "--gtest_also_run_disabled_tests"
Directory: /home/khaled/Documents/gameoflife/build
"DisplayConstructorTest.InvalidParams" start time: Oct 05 22:56 MDT
Output:
----------------------------------------------------------
Running main() from /home/khaled/Documents/gameoflife/build/_deps/googletest-src/googletest/src/gtest_main.cc
Note: Google Test filter = DisplayConstructorTest.InvalidParams
[==========] Running 1 test from 1 test suite.
[----------] Global test environment set-up.
[----------] 1 test from DisplayConstructorTest
[ RUN      ] DisplayConstructorTest.InvalidParams
[       OK ] DisplayConstructorTest.InvalidParams (0 ms)
[----------] 1 test from DisplayConstructorTest (0 ms total)

[----------] Global test environment tear-down
[==========] 1 test from 1 test suite ran. (0 ms total)
[  PASSED  ] 1 test.
<end of output>
Test time =   0.00 sec
----------------------------------------------------------
Test Passed.
"DisplayConstructorTest.InvalidParams" end time: Oct 05 22:56 MDT
"DisplayConstructorTest.InvalidParams" time elapsed: 00:00:00
----------------------------------------------------------

15/15 Testing: DisplayConstructorTest.ValidParams
15/15 Test: DisplayConstructorTest.ValidParams
Command: "/home/khaled/Documents/gameoflife/build/gol_test" "--gtest_filter=DisplayConstructorTest.ValidParams" "--gtest_also_run_disabled_tests"
Directory: /home/khaled/Documents/gameoflife/build
"DisplayConstructorTest.ValidParams" start time: Oct 05 22:56 MDT
Output:
----------------------------------------------------------
Running main() from /home/khaled/Documents/gameoflife/build/_deps/googletest-src/googletest/src/gtest_main.cc
Note: Google Test filter = DisplayConstructorTest.ValidParams
[==========] Running 1 test from 1 test suite.
[----------] Global test environment set-up.
[----------] 1 test from DisplayConstructorTest
[ RUN      ] DisplayConstructorTest.ValidParams
warning: queue 0x20404f0 destroyed while proxies still attached:
  wl_callback@43 still attached
  wl_surface@41 still attached
[       OK ] DisplayConstructorTest.ValidParams (113 ms)
[----------] 1 test from DisplayConstructorTest (113 ms total)

[----------] Global test environment tear-down
[==========] 1 test from 1 test suite ran. (113 ms total)
[  PASSED  ] 1 test.
<end of output>
Test time =   0.12 sec
----------------------------------------------------------
Test Passed.
"DisplayConstructorTest.ValidParams" end time: Oct 05 22:56 MDT
"DisplayConstructorTest.ValidParams" time elapsed: 00:00:00
----------------------------------------------------------

End testing: Oct 05 22:56 MDT
