Start testing: Oct 01 22:33 MDT
----------------------------------------------------------
1/2 Testing: ModTest.NonNegativeValues
1/2 Test: ModTest.NonNegativeValues
Command: "/home/khaled/Documents/gameoflife/gol_test" "--gtest_filter=ModTest.NonNegativeValues" "--gtest_also_run_disabled_tests"
Directory: /home/khaled/Documents/gameoflife
"ModTest.NonNegativeValues" start time: Oct 01 22:33 MDT
Output:
----------------------------------------------------------
Running main() from /home/khaled/Documents/gameoflife/_deps/googletest-src/googletest/src/gtest_main.cc
Note: Google Test filter = ModTest.NonNegativeValues
[==========] Running 1 test from 1 test suite.
[----------] Global test environment set-up.
[----------] 1 test from ModTest
[ RUN      ] ModTest.NonNegativeValues
[       OK ] ModTest.NonNegativeValues (0 ms)
[----------] 1 test from ModTest (0 ms total)

[----------] Global test environment tear-down
[==========] 1 test from 1 test suite ran. (0 ms total)
[  PASSED  ] 1 test.
<end of output>
Test time =   0.00 sec
----------------------------------------------------------
Test Passed.
"ModTest.NonNegativeValues" end time: Oct 01 22:33 MDT
"ModTest.NonNegativeValues" time elapsed: 00:00:00
----------------------------------------------------------

2/2 Testing: ModTest.NegativeValues
2/2 Test: ModTest.NegativeValues
Command: "/home/khaled/Documents/gameoflife/gol_test" "--gtest_filter=ModTest.NegativeValues" "--gtest_also_run_disabled_tests"
Directory: /home/khaled/Documents/gameoflife
"ModTest.NegativeValues" start time: Oct 01 22:33 MDT
Output:
----------------------------------------------------------
Running main() from /home/khaled/Documents/gameoflife/_deps/googletest-src/googletest/src/gtest_main.cc
Note: Google Test filter = ModTest.NegativeValues
[==========] Running 1 test from 1 test suite.
[----------] Global test environment set-up.
[----------] 1 test from ModTest
[ RUN      ] ModTest.NegativeValues
[       OK ] ModTest.NegativeValues (0 ms)
[----------] 1 test from ModTest (0 ms total)

[----------] Global test environment tear-down
[==========] 1 test from 1 test suite ran. (0 ms total)
[  PASSED  ] 1 test.
<end of output>
Test time =   0.00 sec
----------------------------------------------------------
Test Passed.
"ModTest.NegativeValues" end time: Oct 01 22:33 MDT
"ModTest.NegativeValues" time elapsed: 00:00:00
----------------------------------------------------------

End testing: Oct 01 22:33 MDT
